1598277697647	geckodriver	INFO	Listening on 127.0.0.1:64405
1598277700734	mozrunner::runner	INFO	Running command: "C://Program Files (x86)//Mozilla Firefox//firefox.exe" "--marionette" "-foreground" "-no-remote" "-profile" "C:\\Users\\FLAVIO~1.SOU\\AppData\\Local\\Temp\\rust_mozprofileZo4dxG"
JavaScript error: resource://gre/modules/XULStore.jsm, line 66: Error: Can't find profile directory.
console.error: SearchCache: "_readCacheFile: Error reading cache file:" (new Error("", "(unknown module)"))
1598277723348	Marionette	INFO	Listening on port 64414
1598277723439	Marionette	WARN	TLS certificate errors will be ignored for this session
JavaScript error: resource://gre/actors/AutoCompleteChild.jsm, line 208: Error: Invalid autocomplete selectedIndex
1598277728367	Marionette	INFO	Stopped listening on port 64414
[Parent 14640, Gecko_IOThread] WARNING: file /builds/worker/checkouts/gecko/ipc/chromium/src/base/process_util_win.cc, line 166

###!!! [Child][RunMessage] Error: Channel closing: too late to send/recv, messages will be lost


###!!! [Child][MessageChannel::SendAndWait] Error: Channel error: cannot send/recv

1598277733706	geckodriver	INFO	Listening on 127.0.0.1:64483
1598277736733	mozrunner::runner	INFO	Running command: "C://Program Files (x86)//Mozilla Firefox//firefox.exe" "--marionette" "-foreground" "-no-remote" "-profile" "C:\\Users\\FLAVIO~1.SOU\\AppData\\Local\\Temp\\rust_mozprofilexZm84u"
JavaScript error: resource://gre/modules/XULStore.jsm, line 66: Error: Can't find profile directory.
console.error: SearchCache: "_readCacheFile: Error reading cache file:" (new Error("", "(unknown module)"))
1598277741968	Marionette	INFO	Listening on port 64493
1598277742037	Marionette	WARN	TLS certificate errors will be ignored for this session
JavaScript error: resource://gre/actors/AutoCompleteChild.jsm, line 208: Error: Invalid autocomplete selectedIndex
1598277745896	Marionette	INFO	Stopped listening on port 64493
JavaScript error: resource://gre/modules/UrlClassifierListManager.jsm, line 691: TypeError: this.tablesData[table] is undefined

###!!! [Child][MessageChannel::SendAndWait] Error: Channel error: cannot send/recv

1598277751041	geckodriver	INFO	Listening on 127.0.0.1:64540
1598277754061	mozrunner::runner	INFO	Running command: "C://Program Files (x86)//Mozilla Firefox//firefox.exe" "--marionette" "-foreground" "-no-remote" "-profile" "C:\\Users\\FLAVIO~1.SOU\\AppData\\Local\\Temp\\rust_mozprofileF2vYF5"
JavaScript error: resource://gre/modules/XULStore.jsm, line 66: Error: Can't find profile directory.
console.error: SearchCache: "_readCacheFile: Error reading cache file:" (new Error("", "(unknown module)"))
1598277759517	Marionette	INFO	Listening on port 64548
1598277759907	Marionette	WARN	TLS certificate errors will be ignored for this session
JavaScript error: resource://gre/actors/AutoCompleteChild.jsm, line 208: Error: Invalid autocomplete selectedIndex
1598277763234	Marionette	INFO	Stopped listening on port 64548
JavaScript error: resource://gre/modules/UrlClassifierListManager.jsm, line 691: TypeError: this.tablesData[table] is undefined

###!!! [Child][RunMessage] Error: Channel closing: too late to send/recv, messages will be lost


###!!! [Child][MessageChannel::SendAndWait] Error: Channel error: cannot send/recv

1598277768818	geckodriver	INFO	Listening on 127.0.0.1:64596
1598277771848	mozrunner::runner	INFO	Running command: "C://Program Files (x86)//Mozilla Firefox//firefox.exe" "--marionette" "-foreground" "-no-remote" "-profile" "C:\\Users\\FLAVIO~1.SOU\\AppData\\Local\\Temp\\rust_mozprofileHUvcgx"
JavaScript error: resource://gre/modules/XULStore.jsm, line 66: Error: Can't find profile directory.
console.error: SearchCache: "_readCacheFile: Error reading cache file:" (new Error("", "(unknown module)"))
1598277776827	Marionette	INFO	Listening on port 64604
1598277777105	Marionette	WARN	TLS certificate errors will be ignored for this session
JavaScript error: resource://gre/actors/AutoCompleteChild.jsm, line 208: Error: Invalid autocomplete selectedIndex
1598277780770	Marionette	INFO	Stopped listening on port 64604
JavaScript error: resource://gre/modules/UrlClassifierListManager.jsm, line 691: TypeError: this.tablesData[table] is undefined

###!!! [Child][RunMessage] Error: Channel closing: too late to send/recv, messages will be lost


###!!! [Child][MessageChannel::SendAndWait] Error: Channel error: cannot send/recv

1598277786061	geckodriver	INFO	Listening on 127.0.0.1:64653
1598277789091	mozrunner::runner	INFO	Running command: "C://Program Files (x86)//Mozilla Firefox//firefox.exe" "--marionette" "-foreground" "-no-remote" "-profile" "C:\\Users\\FLAVIO~1.SOU\\AppData\\Local\\Temp\\rust_mozprofilesNM2FF"
JavaScript error: resource://gre/modules/XULStore.jsm, line 66: Error: Can't find profile directory.
console.error: SearchCache: "_readCacheFile: Error reading cache file:" (new Error("", "(unknown module)"))
1598277793118	Marionette	INFO	Listening on port 64661
1598277793249	Marionette	WARN	TLS certificate errors will be ignored for this session
JavaScript error: resource://gre/actors/AutoCompleteChild.jsm, line 208: Error: Invalid autocomplete selectedIndex
1598277797610	Marionette	INFO	Stopped listening on port 64661
JavaScript error: resource://gre/modules/UrlClassifierListManager.jsm, line 691: TypeError: this.tablesData[table] is undefined
console.error: services.settings: 
  main/cfr-fxa Signature failed  TypeError: NetworkError when attempting to fetch resource.

###!!! [Child][RunMessage] Error: Channel closing: too late to send/recv, messages will be lost


###!!! [Child][MessageChannel::SendAndWait] Error: Channel error: cannot send/recv

1598277805469	geckodriver	INFO	Listening on 127.0.0.1:64706
1598277808538	mozrunner::runner	INFO	Running command: "C://Program Files (x86)//Mozilla Firefox//firefox.exe" "--marionette" "-foreground" "-no-remote" "-profile" "C:\\Users\\FLAVIO~1.SOU\\AppData\\Local\\Temp\\rust_mozprofileeRloQJ"
JavaScript error: resource://gre/modules/XULStore.jsm, line 66: Error: Can't find profile directory.
console.error: SearchCache: "_readCacheFile: Error reading cache file:" (new Error("", "(unknown module)"))
1598277816028	Marionette	INFO	Listening on port 64725
1598277818357	Marionette	WARN	TLS certificate errors will be ignored for this session
JavaScript error: resource://gre/actors/AutoCompleteChild.jsm, line 208: Error: Invalid autocomplete selectedIndex
1598277821543	Marionette	INFO	Stopped listening on port 64725
JavaScript error: resource://gre/modules/UrlClassifierListManager.jsm, line 691: TypeError: this.tablesData[table] is undefined

###!!! [Child][RunMessage] Error: Channel closing: too late to send/recv, messages will be lost


###!!! [Child][MessageChannel::SendAndWait] Error: Channel error: cannot send/recv

1598277829348	geckodriver	INFO	Listening on 127.0.0.1:64789
1598277832386	mozrunner::runner	INFO	Running command: "C://Program Files (x86)//Mozilla Firefox//firefox.exe" "--marionette" "-foreground" "-no-remote" "-profile" "C:\\Users\\FLAVIO~1.SOU\\AppData\\Local\\Temp\\rust_mozprofileHWsXqq"
JavaScript error: resource://gre/modules/XULStore.jsm, line 66: Error: Can't find profile directory.
console.error: SearchCache: "_readCacheFile: Error reading cache file:" (new Error("", "(unknown module)"))
1598277838362	Marionette	INFO	Listening on port 64802
1598277838715	Marionette	WARN	TLS certificate errors will be ignored for this session
JavaScript error: resource://gre/actors/AutoCompleteChild.jsm, line 208: Error: Invalid autocomplete selectedIndex
1598277843076	Marionette	INFO	Stopped listening on port 64802
JavaScript error: resource://gre/modules/UrlClassifierListManager.jsm, line 691: TypeError: this.tablesData[table] is undefined

###!!! [Child][RunMessage] Error: Channel closing: too late to send/recv, messages will be lost


###!!! [Child][MessageChannel::SendAndWait] Error: Channel error: cannot send/recv

1598277850655	geckodriver	INFO	Listening on 127.0.0.1:64843
1598277853697	mozrunner::runner	INFO	Running command: "C://Program Files (x86)//Mozilla Firefox//firefox.exe" "--marionette" "-foreground" "-no-remote" "-profile" "C:\\Users\\FLAVIO~1.SOU\\AppData\\Local\\Temp\\rust_mozprofilewGf80w"
JavaScript error: resource://gre/modules/XULStore.jsm, line 66: Error: Can't find profile directory.
console.error: SearchCache: "_readCacheFile: Error reading cache file:" (new Error("", "(unknown module)"))
1598277857513	Marionette	INFO	Listening on port 64851
1598277857877	Marionette	WARN	TLS certificate errors will be ignored for this session
JavaScript error: resource://gre/actors/AutoCompleteChild.jsm, line 208: Error: Invalid autocomplete selectedIndex
1598277861048	Marionette	INFO	Stopped listening on port 64851
JavaScript error: resource://gre/modules/UrlClassifierListManager.jsm, line 691: TypeError: this.tablesData[table] is undefined
[Parent 5232, Gecko_IOThread] WARNING: file /builds/worker/checkouts/gecko/ipc/chromium/src/base/process_util_win.cc, line 166

###!!! [Child][RunMessage] Error: Channel closing: too late to send/recv, messages will be lost


###!!! [Child][MessageChannel::SendAndWait] Error: Channel error: cannot send/recv

1598277865933	geckodriver	INFO	Listening on 127.0.0.1:64898
1598277868984	mozrunner::runner	INFO	Running command: "C://Program Files (x86)//Mozilla Firefox//firefox.exe" "--marionette" "-foreground" "-no-remote" "-profile" "C:\\Users\\FLAVIO~1.SOU\\AppData\\Local\\Temp\\rust_mozprofileW6l6lG"
JavaScript error: resource://gre/modules/XULStore.jsm, line 66: Error: Can't find profile directory.
console.error: SearchCache: "_readCacheFile: Error reading cache file:" (new Error("", "(unknown module)"))
1598277872604	Marionette	INFO	Listening on port 64906
1598277872668	Marionette	WARN	TLS certificate errors will be ignored for this session
JavaScript error: resource://gre/actors/AutoCompleteChild.jsm, line 208: Error: Invalid autocomplete selectedIndex
1598277876297	Marionette	INFO	Stopped listening on port 64906
JavaScript error: resource://gre/modules/UrlClassifierListManager.jsm, line 691: TypeError: this.tablesData[table] is undefined

###!!! [Child][RunMessage] Error: Channel closing: too late to send/recv, messages will be lost


###!!! [Child][MessageChannel::SendAndWait] Error: Channel error: cannot send/recv

1598277881049	geckodriver	INFO	Listening on 127.0.0.1:64942
1598277884091	mozrunner::runner	INFO	Running command: "C://Program Files (x86)//Mozilla Firefox//firefox.exe" "--marionette" "-foreground" "-no-remote" "-profile" "C:\\Users\\FLAVIO~1.SOU\\AppData\\Local\\Temp\\rust_mozprofileizry7B"
JavaScript error: resource://gre/modules/XULStore.jsm, line 66: Error: Can't find profile directory.
console.error: SearchCache: "_readCacheFile: Error reading cache file:" (new Error("", "(unknown module)"))
1598277888012	Marionette	INFO	Listening on port 64954
1598277888355	Marionette	WARN	TLS certificate errors will be ignored for this session
JavaScript error: resource://gre/actors/AutoCompleteChild.jsm, line 208: Error: Invalid autocomplete selectedIndex
1598277891666	Marionette	INFO	Stopped listening on port 64954
JavaScript error: resource://gre/modules/UrlClassifierListManager.jsm, line 691: TypeError: this.tablesData[table] is undefined

###!!! [Child][RunMessage] Error: Channel closing: too late to send/recv, messages will be lost


###!!! [Child][MessageChannel::SendAndWait] Error: Channel error: cannot send/recv

1598277897276	geckodriver	INFO	Listening on 127.0.0.1:64995
1598277900321	mozrunner::runner	INFO	Running command: "C://Program Files (x86)//Mozilla Firefox//firefox.exe" "--marionette" "-foreground" "-no-remote" "-profile" "C:\\Users\\FLAVIO~1.SOU\\AppData\\Local\\Temp\\rust_mozprofileJxZ5js"
JavaScript error: resource://gre/modules/XULStore.jsm, line 66: Error: Can't find profile directory.
console.error: SearchCache: "_readCacheFile: Error reading cache file:" (new Error("", "(unknown module)"))
1598277904229	Marionette	INFO	Listening on port 65007
1598277904462	Marionette	WARN	TLS certificate errors will be ignored for this session
JavaScript error: resource://gre/actors/AutoCompleteChild.jsm, line 208: Error: Invalid autocomplete selectedIndex
1598277907659	Marionette	INFO	Stopped listening on port 65007
JavaScript error: resource://gre/modules/UrlClassifierListManager.jsm, line 691: TypeError: this.tablesData[table] is undefined

###!!! [Child][MessageChannel::SendAndWait] Error: Channel error: cannot send/recv

1598277914110	geckodriver	INFO	Listening on 127.0.0.1:65050
1598277917144	mozrunner::runner	INFO	Running command: "C://Program Files (x86)//Mozilla Firefox//firefox.exe" "--marionette" "-foreground" "-no-remote" "-profile" "C:\\Users\\FLAVIO~1.SOU\\AppData\\Local\\Temp\\rust_mozprofilezBl3aS"
JavaScript error: resource://gre/modules/XULStore.jsm, line 66: Error: Can't find profile directory.
console.error: SearchCache: "_readCacheFile: Error reading cache file:" (new Error("", "(unknown module)"))
1598277921040	Marionette	INFO	Listening on port 65060
1598277921283	Marionette	WARN	TLS certificate errors will be ignored for this session
JavaScript error: resource://gre/actors/AutoCompleteChild.jsm, line 208: Error: Invalid autocomplete selectedIndex
1598277924958	Marionette	INFO	Stopped listening on port 65060
JavaScript error: resource://gre/modules/UrlClassifierListManager.jsm, line 691: TypeError: this.tablesData[table] is undefined

###!!! [Child][RunMessage] Error: Channel closing: too late to send/recv, messages will be lost


###!!! [Child][MessageChannel::SendAndWait] Error: Channel error: cannot send/recv

1598277930461	geckodriver	INFO	Listening on 127.0.0.1:65104
1598277933484	mozrunner::runner	INFO	Running command: "C://Program Files (x86)//Mozilla Firefox//firefox.exe" "--marionette" "-foreground" "-no-remote" "-profile" "C:\\Users\\FLAVIO~1.SOU\\AppData\\Local\\Temp\\rust_mozprofilei3Scpq"
JavaScript error: resource://gre/modules/XULStore.jsm, line 66: Error: Can't find profile directory.
console.error: SearchCache: "_readCacheFile: Error reading cache file:" (new Error("", "(unknown module)"))
1598277937369	Marionette	INFO	Listening on port 65112
1598277937662	Marionette	WARN	TLS certificate errors will be ignored for this session
JavaScript error: resource://gre/actors/AutoCompleteChild.jsm, line 208: Error: Invalid autocomplete selectedIndex
1598277940958	Marionette	INFO	Stopped listening on port 65112
console.error: services.settings: 
  main/cfr-fxa Signature failed  TypeError: NetworkError when attempting to fetch resource.
JavaScript error: resource://gre/modules/UrlClassifierListManager.jsm, line 691: TypeError: this.tablesData[table] is undefined

###!!! [Child][RunMessage] Error: Channel closing: too late to send/recv, messages will be lost


###!!! [Child][MessageChannel::SendAndWait] Error: Channel error: cannot send/recv

1598277947208	geckodriver	INFO	Listening on 127.0.0.1:65155
1598277950260	mozrunner::runner	INFO	Running command: "C://Program Files (x86)//Mozilla Firefox//firefox.exe" "--marionette" "-foreground" "-no-remote" "-profile" "C:\\Users\\FLAVIO~1.SOU\\AppData\\Local\\Temp\\rust_mozprofile8znOcz"
JavaScript error: resource://gre/modules/XULStore.jsm, line 66: Error: Can't find profile directory.
console.error: SearchCache: "_readCacheFile: Error reading cache file:" (new Error("", "(unknown module)"))
1598277954228	Marionette	INFO	Listening on port 65168
1598277954414	Marionette	WARN	TLS certificate errors will be ignored for this session
JavaScript error: resource://gre/actors/AutoCompleteChild.jsm, line 208: Error: Invalid autocomplete selectedIndex
1598277957715	Marionette	INFO	Stopped listening on port 65168
console.error: services.settings: 
  main/cfr Signature failed  TypeError: NetworkError when attempting to fetch resource.
JavaScript error: resource://gre/modules/UrlClassifierListManager.jsm, line 691: TypeError: this.tablesData[table] is undefined
[Parent 14384, Gecko_IOThread] WARNING: file /builds/worker/checkouts/gecko/ipc/chromium/src/base/process_util_win.cc, line 166

###!!! [Child][RunMessage] Error: Channel closing: too late to send/recv, messages will be lost


###!!! [Child][MessageChannel::SendAndWait] Error: Channel error: cannot send/recv

1598277962962	geckodriver	INFO	Listening on 127.0.0.1:65211
1598277966005	mozrunner::runner	INFO	Running command: "C://Program Files (x86)//Mozilla Firefox//firefox.exe" "--marionette" "-foreground" "-no-remote" "-profile" "C:\\Users\\FLAVIO~1.SOU\\AppData\\Local\\Temp\\rust_mozprofilefSypf0"
JavaScript error: resource://gre/modules/XULStore.jsm, line 66: Error: Can't find profile directory.
console.error: SearchCache: "_readCacheFile: Error reading cache file:" (new Error("", "(unknown module)"))
1598277969632	Marionette	INFO	Listening on port 65219
1598277969657	Marionette	WARN	TLS certificate errors will be ignored for this session
JavaScript error: resource://gre/actors/AutoCompleteChild.jsm, line 208: Error: Invalid autocomplete selectedIndex
1598277972654	Marionette	INFO	Stopped listening on port 65219
JavaScript error: resource://gre/modules/UrlClassifierListManager.jsm, line 691: TypeError: this.tablesData[table] is undefined
console.warn: SearchService: "_init: abandoning init due to shutting down"
JavaScript error: , line 0: uncaught exception: 2147500036
JavaScript error: , line 0: uncaught exception: 2147500036
JavaScript error: , line 0: uncaught exception: 2147500036
JavaScript error: , line 0: uncaught exception: 2147500036
JavaScript error: , line 0: uncaught exception: 2147500036
JavaScript error: , line 0: uncaught exception: 2147500036
JavaScript error: , line 0: uncaught exception: 2147500036
JavaScript error: , line 0: uncaught exception: 2147500036
[Parent 16364, Gecko_IOThread] WARNING: file /builds/worker/checkouts/gecko/ipc/chromium/src/base/process_util_win.cc, line 166

###!!! [Child][RunMessage] Error: Channel closing: too late to send/recv, messages will be lost


###!!! [Child][MessageChannel::SendAndWait] Error: Channel error: cannot send/recv

1598277977181	geckodriver	INFO	Listening on 127.0.0.1:65259
1598277980232	mozrunner::runner	INFO	Running command: "C://Program Files (x86)//Mozilla Firefox//firefox.exe" "--marionette" "-foreground" "-no-remote" "-profile" "C:\\Users\\FLAVIO~1.SOU\\AppData\\Local\\Temp\\rust_mozprofileA9jRre"
JavaScript error: resource://gre/modules/XULStore.jsm, line 66: Error: Can't find profile directory.
console.error: SearchCache: "_readCacheFile: Error reading cache file:" (new Error("", "(unknown module)"))
1598277984230	Marionette	INFO	Listening on port 65271
1598277984376	Marionette	WARN	TLS certificate errors will be ignored for this session
JavaScript error: resource://gre/actors/AutoCompleteChild.jsm, line 208: Error: Invalid autocomplete selectedIndex
1598277988029	Marionette	INFO	Stopped listening on port 65271
JavaScript error: resource://gre/modules/UrlClassifierListManager.jsm, line 691: TypeError: this.tablesData[table] is undefined
[Parent 12776, Gecko_IOThread] WARNING: file /builds/worker/checkouts/gecko/ipc/chromium/src/base/process_util_win.cc, line 166

###!!! [Child][RunMessage] Error: Channel closing: too late to send/recv, messages will be lost


###!!! [Child][MessageChannel::SendAndWait] Error: Channel error: cannot send/recv

1598277992669	geckodriver	INFO	Listening on 127.0.0.1:65314
1598277995716	mozrunner::runner	INFO	Running command: "C://Program Files (x86)//Mozilla Firefox//firefox.exe" "--marionette" "-foreground" "-no-remote" "-profile" "C:\\Users\\FLAVIO~1.SOU\\AppData\\Local\\Temp\\rust_mozprofileKsZsBC"
JavaScript error: resource://gre/modules/XULStore.jsm, line 66: Error: Can't find profile directory.
console.error: SearchCache: "_readCacheFile: Error reading cache file:" (new Error("", "(unknown module)"))
1598277999275	Marionette	INFO	Listening on port 65322
1598277999360	Marionette	WARN	TLS certificate errors will be ignored for this session
JavaScript error: resource://gre/actors/AutoCompleteChild.jsm, line 208: Error: Invalid autocomplete selectedIndex
1598278002994	Marionette	INFO	Stopped listening on port 65322
JavaScript error: resource://gre/modules/UrlClassifierListManager.jsm, line 691: TypeError: this.tablesData[table] is undefined

###!!! [Child][RunMessage] Error: Channel closing: too late to send/recv, messages will be lost


###!!! [Child][MessageChannel::SendAndWait] Error: Channel error: cannot send/recv

1598278306631	geckodriver	INFO	Listening on 127.0.0.1:49225
1598278309646	mozrunner::runner	INFO	Running command: "C://Program Files (x86)//Mozilla Firefox//firefox.exe" "--marionette" "-foreground" "-no-remote" "-profile" "C:\\Users\\FLAVIO~1.SOU\\AppData\\Local\\Temp\\rust_mozprofilemtCnmI"
JavaScript error: resource://gre/modules/XULStore.jsm, line 66: Error: Can't find profile directory.
console.error: SearchCache: "_readCacheFile: Error reading cache file:" (new Error("", "(unknown module)"))
1598278317437	Marionette	INFO	Listening on port 49233
1598278317499	Marionette	WARN	TLS certificate errors will be ignored for this session
JavaScript error: resource://gre/modules/URIFixup.jsm, line 281: NS_ERROR_FAILURE: Should pass a non-null uri
JavaScript error: resource://gre/actors/AutoCompleteChild.jsm, line 208: Error: Invalid autocomplete selectedIndex
1598278509491	Marionette	INFO	Stopped listening on port 49233

###!!! [Parent][MessageChannel] Error: (msgtype=0xB000D,name=PBackgroundIDBDatabase::Msg_Invalidate) Channel error: cannot send/recv


###!!! [Parent][MessageChannel] Error: (msgtype=0xB000E,name=PBackgroundIDBDatabase::Msg_CloseAfterInvalidationComplete) Channel error: cannot send/recv

[Parent 4812, Gecko_IOThread] WARNING: file /builds/worker/checkouts/gecko/ipc/chromium/src/base/process_util_win.cc, line 166
[Parent 4812, Gecko_IOThread] WARNING: file /builds/worker/checkouts/gecko/ipc/chromium/src/base/process_util_win.cc, line 166

###!!! [Child][RunMessage] Error: Channel closing: too late to send/recv, messages will be lost


###!!! [Child][MessageChannel::SendAndWait] Error: Channel error: cannot send/recv

1598278998496	geckodriver	INFO	Listening on 127.0.0.1:49437
1598279001469	mozrunner::runner	INFO	Running command: "C://Program Files (x86)//Mozilla Firefox//firefox.exe" "--marionette" "-foreground" "-no-remote" "-profile" "C:\\Users\\FLAVIO~1.SOU\\AppData\\Local\\Temp\\rust_mozprofilezNAVJX"
JavaScript error: resource://gre/modules/XULStore.jsm, line 66: Error: Can't find profile directory.
console.error: SearchCache: "_readCacheFile: Error reading cache file:" (new Error("", "(unknown module)"))
1598279011634	Marionette	INFO	Listening on port 49445
1598279011912	Marionette	WARN	TLS certificate errors will be ignored for this session
JavaScript error: resource://gre/modules/URIFixup.jsm, line 281: NS_ERROR_FAILURE: Should pass a non-null uri
JavaScript error: resource://gre/modules/XULStore.jsm, line 66: Error: Can't find profile directory.
JavaScript error: resource://gre/modules/XULStore.jsm, line 66: Error: Can't find profile directory.
[Parent 4228, Gecko_IOThread] WARNING: file /builds/worker/checkouts/gecko/ipc/chromium/src/base/process_util_win.cc, line 166
1598279970167	Marionette	INFO	Stopped listening on port 49445

###!!! [Child][RunMessage] Error: Channel closing: too late to send/recv, messages will be lost


###!!! [Child][MessageChannel::SendAndWait] Error: Channel error: cannot send/recv

ile directory.
console.error: SearchCache: "_readCacheFile: Error reading cache file:" (new Error("", "(unknown module)"))
1598279960296	Marionette	INFO	Listening on port 50464
1598279960828	Marionette	WARN	TLS certificate errors will be ignored for this session
1598279961893	Marionette	ERROR	[19] No reply from Marionette:Register
JavaScript error: resource://gre/modules/XULStore.jsm, line 66: Error: Can't find profile directory.
JavaScript error: resource://gre/modules/XULStore.jsm, line 66: Error: Can't find profile directory.
JavaScript error: moz-extension://11c868ff-bc85-4d84-8ebd-509f6d11cd12/selector/ui.js, line 45: TypeError: this.sizeTracking is undefined
SourceActor threw an exception: [Exception... "Failed to open input source 'file:///'"  nsresult: "0x80004005 (NS_ERROR_FAILURE)"  location: "JS frame :: resource://devtools/shared/DevToolsUtils.js :: mainThreadFetch/< :: line 661"  data: yes]
Stack: mainThreadFetch/<@resource://devtools/shared/DevToolsUtils.js:661:15
mainThreadFetch@resource://devtools/shared/DevToolsUtils.js:509:10
_fetchURLContents@resource://devtools/server/actors/utils/TabSources.js:440:22
urlContents@resource://devtools/server/actors/utils/TabSources.js:407:17
_resurrectSource@resource://devtools/server/actors/thread.js:2063:69
addAllSources@resource://devtools/server/actors/thread.js:1446:14
onSources@resource://devtools/server/actors/thread.js:1452:10
onPacket@resource://devtools/server/devtools-server-connection.js:379:58
receiveMessage@resource://devtools/shared/transport/child-transport.js:66:16
Line: 661, column: 0
console.error: ({})
JavaScript error: resource://devtools/shared/DevToolsUtils.js, line 661: NS_ERROR_FAILURE: Failed to open input source 'file:///'
console.error: "Error while calling actor 'pagestyle's method 'isPositionEditable'" "can't access dead object"
console.error: "isPositionEditable@resource://devtools/server/actors/styles.js:620:9\nhandler@resource://devtools/shared/protocol/Actor.js:162:37\nonPacket@resource://devtools/server/devtools-server-connection.js:379:58\nreceiveMessage@resource://devtools/shared/transport/child-transport.js:66:16\n"
console.error: "Error while calling actor 'pagestyle's method 'getApplied'" "can't access dead object"
console.error: "getBindingElementAndPseudo@resource://devtools/shared/inspector/css-logic.js:493:7\n_getAllElementRules@resource://devtools/server/actors/styles.js:651:49\ngetApplied@resource://devtools/server/actors/styles.js:596:12\nhandler@resource://devtools/shared/protocol/Actor.js:162:37\nonPacket@resource://devtools/server/devtools-server-connection.js:379:58\nreceiveMessage@resource://devtools/shared/transport/child-transport.js:66:16\n"
console.error: "Error while calling actor 'pagestyle's method 'getLayout'" "can't access dead object"
console.error: "getLayout@resource://devtools/server/actors/styles.js:1020:24\nhandler@resource://devtools/shared/protocol/Actor.js:162:37\nonPacket@resource://devtools/server/devtools-server-connection.js:379:58\nreceiveMessage@resource://devtools/shared/transport/child-transport.js:66:16\n"
console.error: (new Error("Protocol error (TypeError): can't access dead object from: server0.conn0.child2/pagestyle26 (resource://devtools/server/actors/styles.js:620:9)", "resource://devtools/shared/protocol/Front.js", 323))
console.error: (new Error("Protocol error (TypeError): can't access dead object from: server0.conn0.child2/pagestyle26 (resource://devtools/shared/inspector/css-logic.js:493:7)", "resource://devtools/shared/protocol/Front.js", 323))
console.error: (new Error("Protocol error (TypeError): can't access dead object from: server0.conn0.child2/pagestyle26 (resource://devtools/shared/inspector/css-logic.js:493:7)", "resource://devtools/shared/protocol/Front.js", 323))
console.error: (new Error("Protocol error (TypeError): can't access dead object from: server0.conn0.child2/pagestyle26 (resource://devtools/server/actors/styles.js:1020:24)", "resource://devtools/shared/protocol/Front.js", 323))
console.error: (new TypeError("parent is null", "resource://devtools/client/inspector/shared/style-change-tracker.js", 67))
TypeError: parent is null: canMutationImpactCurrentStyles@resource://devtools/client/inspector/shared/style-change-tracker.js:67:24
onMutations@resource://devtools/client/inspector/shared/style-change-tracker.js:84:41
_emit@resource://devtools/shared/event-emitter.js:226:34
emit@resource://devtools/shared/event-emitter.js:172:18
emit@resource://devtools/shared/event-emitter.js:324:18
getMutations@resource://devtools/client/fronts/walker.js:409:10

console.error: (new TypeError("container.node.targetFront is null", "resource://devtools/client/inspector/markup/markup.js", 2245))
console.error: (new TypeError("container.node.targetFront is null", "resource://devtools/client/inspector/markup/markup.js", 2245))
console.error: (new TypeError("parent is null", "resource://devtools/client/inspector/shared/style-change-tracker.js", 67))
TypeError: parent is null: canMutationImpactCurrentStyles@resource://devtools/client/inspector/shared/style-change-tracker.js:67:24
onMutations@resource://devtools/client/inspector/shared/style-change-tracker.js:84:41
_emit@resource://devtools/shared/event-emitter.js:226:34
emit@resource://devtools/shared/event-emitter.js:172:18
emit@resource://devtools/shared/event-emitter.js:324:18
getMutations@resource://devtools/client/fronts/walker.js:409:10

console.error: (new TypeError("container.node.targetFront is null", "resource://devtools/client/inspector/markup/markup.js", 2245))
console.error: (new TypeError("parent is null", "resource://devtools/client/inspector/shared/style-change-tracker.js", 67))
TypeError: parent is null: canMutationImpactCurrentStyles@resource://devtools/client/inspector/shared/style-change-tracker.js:67:24
onMutations@resource://devtools/client/inspector/shared/style-change-tracker.js:84:41
_emit@resource://devtools/shared/event-emitter.js:226:34
emit@resource://devtools/shared/event-emitter.js:172:18
emit@resource://devtools/shared/event-emitter.js:324:18
getMutations@resource://devtools/client/fronts/walker.js:409:10

console.error: (new TypeError("container.node.targetFront is null", "resource://devtools/client/inspector/markup/markup.js", 2245))
Handler function _httpResponseExaminer threw an exception: TypeError: topFrame.browsingContext is null
Stack: matchRequest@resource://devtools/server/actors/network-monitor/network-observer.js:113:9
_httpResponseExaminer@resource://devtools/server/actors/network-monitor/network-observer.js:417:10
exports.makeInfallible/<@resource://devtools/shared/ThreadSafeDevToolsUtils.js:103:22
Line: 113, column: 9
console.error: (new TypeError("topFrame.browsingContext is null", "resource://devtools/server/actors/network-monitor/network-observer.js", 113))
1598286528216	Marionette	INFO	Stopped listening on port 50464

###!!! [Child][MessageChannel::SendAndWait] Error: Channel error: cannot send/recv

1598286541840	geckodriver	INFO	Listening on 127.0.0.1:54682
1598286544898	mozrunner::runner	INFO	Running command: "C:\\Program Files (x86)\\Mozilla Firefox\\firefox.exe" "--marionette" "-foreground" "-no-remote" "-profile" "C:\\Users\\FLAVIO~1.SOU\\AppData\\Local\\Temp\\rust_mozprofileyroQ2M"
JavaScript error: resource://gre/modules/XULStore.jsm, line 66: Error: Can't find profile directory.
console.error: SearchCache: "_readCacheFile: Error reading cache file:" (new Error("", "(unknown module)"))
1598286551826	Marionette	INFO	Listening on port 54691
1598286552264	Marionette	WARN	TLS certificate errors will be ignored for this session
JavaScript error: resource://gre/modules/XULStore.jsm, line 66: Error: Can't find profile directory.
JavaScript error: resource://gre/modules/XULStore.jsm, line 66: Error: Can't find profile directory.
1598286732753	Marionette	INFO	Stopped listening on port 54691

###!!! [Child][RunMessage] Error: Channel closing: too late to send/recv, messages will be lost


###!!! [Child][MessageChannel::SendAndWait] Error: Channel error: cannot send/recv

1598286741316	geckodriver	INFO	Listening on 127.0.0.1:54877
1598286744358	mozrunner::runner	INFO	Running command: "C:\\Program Files (x86)\\Mozilla Firefox\\firefox.exe" "--marionette" "-foreground" "-no-remote" "-profile" "C:\\Users\\FLAVIO~1.SOU\\AppData\\Local\\Temp\\rust_mozprofileuDoLYt"
JavaScript error: resource://gre/modules/XULStore.jsm, line 66: Error: Can't find profile directory.
console.error: SearchCache: "_readCacheFile: Error reading cache file:" (new Error("", "(unknown module)"))
1598286748497	Marionette	INFO	Listening on port 54888
1598286748586	Marionette	WARN	TLS certificate errors will be ignored for this session
JavaScript error: resource://gre/modules/XULStore.jsm, line 66: Error: Can't find profile directory.
JavaScript error: resource://gre/modules/XULStore.jsm, line 66: Error: Can't find profile directory.
1598286799786	Marionette	INFO	Stopped listening on port 54888

###!!! [Child][RunMessage] Error: Channel closing: too late to send/recv, messages will be lost


###!!! [Child][MessageChannel::SendAndWait] Error: Channel error: cannot send/recv

1598286800958	geckodriver	INFO	Listening on 127.0.0.1:54972
1598286803993	mozrunner::runner	INFO	Running command: "C:\\Program Files (x86)\\Mozilla Firefox\\firefox.exe" "--marionette" "-foreground" "-no-remote" "-profile" "C:\\Users\\FLAVIO~1.SOU\\AppData\\Local\\Temp\\rust_mozprofileh4Uoop"
JavaScript error: resource://gre/modules/XULStore.jsm, line 66: Error: Can't find profile directory.
console.error: SearchCache: "_readCacheFile: Error reading cache file:" (new Error("", "(unknown module)"))
1598286807483	Marionette	INFO	Listening on port 54982
1598286807628	Marionette	WARN	TLS certificate errors will be ignored for this session
JavaScript error: resource://gre/modules/XULStore.jsm, line 66: Error: Can't find profile directory.
JavaScript error: resource://gre/modules/XULStore.jsm, line 66: Error: Can't find profile directory.
1598286868029	Marionette	INFO	Stopped listening on port 54982

###!!! [Child][RunMessage] Error: Channel closing: too late to send/recv, messages will be lost


###!!! [Child][MessageChannel::SendAndWait] Error: Channel error: cannot send/recv

1598286868427	geckodriver	INFO	Listening on 127.0.0.1:55075
1598286871451	mozrunner::runner	INFO	Running command: "C:\\Program Files (x86)\\Mozilla Firefox\\firefox.exe" "--marionette" "-foreground" "-no-remote" "-profile" "C:\\Users\\FLAVIO~1.SOU\\AppData\\Local\\Temp\\rust_mozprofileagTrfJ"
JavaScript error: resource://gre/modules/XULStore.jsm, line 66: Error: Can't find profile directory.
console.error: SearchCache: "_readCacheFile: Error reading cache file:" (new Error("", "(unknown module)"))
1598286874755	Marionette	INFO	Listening on port 55085
1598286875093	Marionette	WARN	TLS certificate errors will be ignored for this session
JavaScript error: resource://gre/modules/XULStore.jsm, line 66: Error: Can't find profile directory.
JavaScript error: resource://gre/modules/XULStore.jsm, line 66: Error: Can't find profile directory.
1598286923799	Marionette	INFO	Stopped listening on port 55085

###!!! [Child][RunMessage] Error: Channel closing: too late to send/recv, messages will be lost


###!!! [Child][MessageChannel::SendAndWait] Error: Channel error: cannot send/recv

1598286927053	geckodriver	INFO	Listening on 127.0.0.1:55167
1598286930100	mozrunner::runner	INFO	Running command: "C:\\Program Files (x86)\\Mozilla Firefox\\firefox.exe" "--marionette" "-foreground" "-no-remote" "-profile" "C:\\Users\\FLAVIO~1.SOU\\AppData\\Local\\Temp\\rust_mozprofileZuFdem"
JavaScript error: resource://gre/modules/XULStore.jsm, line 66: Error: Can't find profile directory.
console.error: SearchCache: "_readCacheFile: Error reading cache file:" (new Error("", "(unknown module)"))
1598286933171	Marionette	INFO	Listening on port 55177
1598286933215	Marionette	WARN	TLS certificate errors will be ignored for this session
JavaScript error: resource://gre/modules/XULStore.jsm, line 66: Error: Can't find profile directory.
JavaScript error: resource://gre/modules/XULStore.jsm, line 66: Error: Can't find profile directory.
console.warn: LoginRecipes: "getRecipes: falling back to a synchronous message for:" "https://covasim.idmod.org"
1598287054976	Marionette	INFO	Stopped listening on port 55177

###!!! [Child][RunMessage] Error: Channel closing: too late to send/recv, messages will be lost


###!!! [Child][MessageChannel::SendAndWait] Error: Channel error: cannot send/recv

1598287061722	geckodriver	INFO	Listening on 127.0.0.1:55307
1598287064762	mozrunner::runner	INFO	Running command: "C:\\Program Files (x86)\\Mozilla Firefox\\firefox.exe" "--marionette" "-foreground" "-no-remote" "-profile" "C:\\Users\\FLAVIO~1.SOU\\AppData\\Local\\Temp\\rust_mozprofileLhNftT"
JavaScript error: resource://gre/modules/XULStore.jsm, line 66: Error: Can't find profile directory.
console.error: SearchCache: "_readCacheFile: Error reading cache file:" (new Error("", "(unknown module)"))
1598287068186	Marionette	INFO	Listening on port 55317
1598287068397	Marionette	WARN	TLS certificate errors will be ignored for this session
JavaScript error: resource://gre/modules/XULStore.jsm, line 66: Error: Can't find profile directory.
JavaScript error: resource://gre/modules/XULStore.jsm, line 66: Error: Can't find profile directory.
console.warn: LoginRecipes: "getRecipes: falling back to a synchronous message for:" "https://covasim.idmod.org"
1598287143464	Marionette	INFO	Stopped listening on port 55317

###!!! [Child][RunMessage] Error: Channel closing: too late to send/recv, messages will be lost


###!!! [Child][MessageChannel::SendAndWait] Error: Channel error: cannot send/recv

1598287169591	geckodriver	INFO	Listening on 127.0.0.1:55429
1598287172639	mozrunner::runner	INFO	Running command: "C:\\Program Files (x86)\\Mozilla Firefox\\firefox.exe" "--marionette" "-foreground" "-no-remote" "-profile" "C:\\Users\\FLAVIO~1.SOU\\AppData\\Local\\Temp\\rust_mozprofile0adhBG"
JavaScript error: resource://gre/modules/XULStore.jsm, line 66: Error: Can't find profile directory.
console.error: SearchCache: "_readCacheFile: Error reading cache file:" (new Error("", "(unknown module)"))
1598287175919	Marionette	INFO	Listening on port 55438
1598287176267	Marionette	WARN	TLS certificate errors will be ignored for this session
JavaScript error: resource://gre/modules/XULStore.jsm, line 66: Error: Can't find profile directory.
JavaScript error: resource://gre/modules/XULStore.jsm, line 66: Error: Can't find profile directory.
console.warn: LoginRecipes: "getRecipes: falling back to a synchronous message for:" "https://covasim.idmod.org"
console.warn: LoginRecipes: "getRecipes: falling back to a synchronous message for:" "https://covasim.idmod.org"
1598287489229	Marionette	INFO	Stopped listening on port 55438

###!!! [Child][RunMessage] Error: Channel closing: too late to send/recv, messages will be lost


###!!! [Child][MessageChannel::SendAndWait] Error: Channel error: cannot send/recv

1598287495758	geckodriver	INFO	Listening on 127.0.0.1:55699
1598287498802	mozrunner::runner	INFO	Running command: "C:\\Program Files (x86)\\Mozilla Firefox\\firefox.exe" "--marionette" "-foreground" "-no-remote" "-profile" "C:\\Users\\FLAVIO~1.SOU\\AppData\\Local\\Temp\\rust_mozprofileHZ2nwD"
JavaScript error: resource://gre/modules/XULStore.jsm, line 66: Error: Can't find profile directory.
console.error: SearchCache: "_readCacheFile: Error reading cache file:" (new Error("", "(unknown module)"))
1598287502794	Marionette	INFO	Listening on port 55708
1598287502945	Marionette	WARN	TLS certificate errors will be ignored for this session
JavaScript error: resource://gre/modules/XULStore.jsm, line 66: Error: Can't find profile directory.
JavaScript error: resource://gre/modules/XULStore.jsm, line 66: Error: Can't find profile directory.
console.warn: LoginRecipes: "getRecipes: falling back to a synchronous message for:" "https://covasim.idmod.org"
1598287765088	Marionette	INFO	Stopped listening on port 55708

###!!! [Child][RunMessage] Error: Channel closing: too late to send/recv, messages will be lost


###!!! [Child][MessageChannel::SendAndWait] Error: Channel error: cannot send/recv

